[2019-10-23 12:08:37] local.ERROR: syntax error, unexpected ')', expecting function (T_FUNCTION) or const (T_CONST) {"exception":"[object] (Symfony\\Component\\Debug\\Exception\\FatalThrowableError(code: 0): syntax error, unexpected ')', expecting function (T_FUNCTION) or const (T_CONST) at /home/vagrant/Code/intransportal/app/Providers/AppServiceProvider.php:27)
[stacktrace]
#0 /home/vagrant/Code/intransportal/vendor/composer/ClassLoader.php(322): Composer\\Autoload\\includeFile('/home/vagrant/C...')
#1 [internal function]: Composer\\Autoload\\ClassLoader->loadClass('App\\\\Providers\\\\A...')
#2 /home/vagrant/Code/intransportal/vendor/laravel/framework/src/Illuminate/Foundation/Application.php(670): spl_autoload_call('App\\\\Providers\\\\A...')
#3 /home/vagrant/Code/intransportal/vendor/laravel/framework/src/Illuminate/Foundation/Application.php(604): Illuminate\\Foundation\\Application->resolveProvider('App\\\\Providers\\\\A...')
#4 /home/vagrant/Code/intransportal/vendor/laravel/framework/src/Illuminate/Foundation/ProviderRepository.php(75): Illuminate\\Foundation\\Application->register('App\\\\Providers\\\\A...')
#5 /home/vagrant/Code/intransportal/vendor/laravel/framework/src/Illuminate/Foundation/Application.php(584): Illuminate\\Foundation\\ProviderRepository->load(Array)
#6 /home/vagrant/Code/intransportal/vendor/laravel/framework/src/Illuminate/Foundation/Bootstrap/RegisterProviders.php(17): Illuminate\\Foundation\\Application->registerConfiguredProviders()
#7 /home/vagrant/Code/intransportal/vendor/laravel/framework/src/Illuminate/Foundation/Application.php(210): Illuminate\\Foundation\\Bootstrap\\RegisterProviders->bootstrap(Object(Illuminate\\Foundation\\Application))
#8 /home/vagrant/Code/intransportal/vendor/laravel/framework/src/Illuminate/Foundation/Http/Kernel.php(162): Illuminate\\Foundation\\Application->bootstrapWith(Array)
#9 /home/vagrant/Code/intransportal/vendor/laravel/framework/src/Illuminate/Foundation/Http/Kernel.php(146): Illuminate\\Foundation\\Http\\Kernel->bootstrap()
#10 /home/vagrant/Code/intransportal/vendor/laravel/framework/src/Illuminate/Foundation/Http/Kernel.php(116): Illuminate\\Foundation\\Http\\Kernel->sendRequestThroughRouter(Object(Illuminate\\Http\\Request))
#11 /home/vagrant/Code/intransportal/public/index.php(55): Illuminate\\Foundation\\Http\\Kernel->handle(Object(Illuminate\\Http\\Request))
#12 {main}
"} 
[2019-10-23 12:09:10] local.ERROR: Class 'App\Channels' not found {"exception":"[object] (Symfony\\Component\\Debug\\Exception\\FatalThrowableError(code: 0): Class 'App\\Channels' not found at /home/vagrant/Code/intransportal/app/Providers/AppServiceProvider.php:26)
[stacktrace]
#0 [internal function]: App\\Providers\\AppServiceProvider->boot()
#1 /home/vagrant/Code/intransportal/vendor/laravel/framework/src/Illuminate/Container/BoundMethod.php(32): call_user_func_array(Array, Array)
#2 /home/vagrant/Code/intransportal/vendor/laravel/framework/src/Illuminate/Container/BoundMethod.php(90): Illuminate\\Container\\BoundMethod::Illuminate\\Container\\{closure}()
#3 /home/vagrant/Code/intransportal/vendor/laravel/framework/src/Illuminate/Container/BoundMethod.php(34): Illuminate\\Container\\BoundMethod::callBoundMethod(Object(Illuminate\\Foundation\\Application), Array, Object(Closure))
#4 /home/vagrant/Code/intransportal/vendor/laravel/framework/src/Illuminate/Container/Container.php(576): Illuminate\\Container\\BoundMethod::call(Object(Illuminate\\Foundation\\Application), Array, Array, NULL)
#5 /home/vagrant/Code/intransportal/vendor/laravel/framework/src/Illuminate/Foundation/Application.php(827): Illuminate\\Container\\Container->call(Array)
#6 /home/vagrant/Code/intransportal/vendor/laravel/framework/src/Illuminate/Foundation/Application.php(810): Illuminate\\Foundation\\Application->bootProvider(Object(App\\Providers\\AppServiceProvider))
#7 [internal function]: Illuminate\\Foundation\\Application->Illuminate\\Foundation\\{closure}(Object(App\\Providers\\AppServiceProvider), 17)
#8 /home/vagrant/Code/intransportal/vendor/laravel/framework/src/Illuminate/Foundation/Application.php(811): array_walk(Array, Object(Closure))
#9 /home/vagrant/Code/intransportal/vendor/laravel/framework/src/Illuminate/Foundation/Bootstrap/BootProviders.php(17): Illuminate\\Foundation\\Application->boot()
#10 /home/vagrant/Code/intransportal/vendor/laravel/framework/src/Illuminate/Foundation/Application.php(210): Illuminate\\Foundation\\Bootstrap\\BootProviders->bootstrap(Object(Illuminate\\Foundation\\Application))
#11 /home/vagrant/Code/intransportal/vendor/laravel/framework/src/Illuminate/Foundation/Http/Kernel.php(162): Illuminate\\Foundation\\Application->bootstrapWith(Array)
#12 /home/vagrant/Code/intransportal/vendor/laravel/framework/src/Illuminate/Foundation/Http/Kernel.php(146): Illuminate\\Foundation\\Http\\Kernel->bootstrap()
#13 /home/vagrant/Code/intransportal/vendor/laravel/framework/src/Illuminate/Foundation/Http/Kernel.php(116): Illuminate\\Foundation\\Http\\Kernel->sendRequestThroughRouter(Object(Illuminate\\Http\\Request))
#14 /home/vagrant/Code/intransportal/public/index.php(55): Illuminate\\Foundation\\Http\\Kernel->handle(Object(Illuminate\\Http\\Request))
#15 {main}
"} 
[2019-10-23 12:13:44] local.ERROR: Class 'App\ChannelO' not found {"exception":"[object] (Symfony\\Component\\Debug\\Exception\\FatalThrowableError(code: 0): Class 'App\\ChannelO' not found at /home/vagrant/Code/intransportal/app/Providers/AppServiceProvider.php:26)
[stacktrace]
#0 [internal function]: App\\Providers\\AppServiceProvider->boot()
#1 /home/vagrant/Code/intransportal/vendor/laravel/framework/src/Illuminate/Container/BoundMethod.php(32): call_user_func_array(Array, Array)
#2 /home/vagrant/Code/intransportal/vendor/laravel/framework/src/Illuminate/Container/BoundMethod.php(90): Illuminate\\Container\\BoundMethod::Illuminate\\Container\\{closure}()
#3 /home/vagrant/Code/intransportal/vendor/laravel/framework/src/Illuminate/Container/BoundMethod.php(34): Illuminate\\Container\\BoundMethod::callBoundMethod(Object(Illuminate\\Foundation\\Application), Array, Object(Closure))
#4 /home/vagrant/Code/intransportal/vendor/laravel/framework/src/Illuminate/Container/Container.php(576): Illuminate\\Container\\BoundMethod::call(Object(Illuminate\\Foundation\\Application), Array, Array, NULL)
#5 /home/vagrant/Code/intransportal/vendor/laravel/framework/src/Illuminate/Foundation/Application.php(827): Illuminate\\Container\\Container->call(Array)
#6 /home/vagrant/Code/intransportal/vendor/laravel/framework/src/Illuminate/Foundation/Application.php(810): Illuminate\\Foundation\\Application->bootProvider(Object(App\\Providers\\AppServiceProvider))
#7 [internal function]: Illuminate\\Foundation\\Application->Illuminate\\Foundation\\{closure}(Object(App\\Providers\\AppServiceProvider), 17)
#8 /home/vagrant/Code/intransportal/vendor/laravel/framework/src/Illuminate/Foundation/Application.php(811): array_walk(Array, Object(Closure))
#9 /home/vagrant/Code/intransportal/vendor/laravel/framework/src/Illuminate/Foundation/Bootstrap/BootProviders.php(17): Illuminate\\Foundation\\Application->boot()
#10 /home/vagrant/Code/intransportal/vendor/laravel/framework/src/Illuminate/Foundation/Application.php(210): Illuminate\\Foundation\\Bootstrap\\BootProviders->bootstrap(Object(Illuminate\\Foundation\\Application))
#11 /home/vagrant/Code/intransportal/vendor/laravel/framework/src/Illuminate/Foundation/Http/Kernel.php(162): Illuminate\\Foundation\\Application->bootstrapWith(Array)
#12 /home/vagrant/Code/intransportal/vendor/laravel/framework/src/Illuminate/Foundation/Http/Kernel.php(146): Illuminate\\Foundation\\Http\\Kernel->bootstrap()
#13 /home/vagrant/Code/intransportal/vendor/laravel/framework/src/Illuminate/Foundation/Http/Kernel.php(116): Illuminate\\Foundation\\Http\\Kernel->sendRequestThroughRouter(Object(Illuminate\\Http\\Request))
#14 /home/vagrant/Code/intransportal/public/index.php(55): Illuminate\\Foundation\\Http\\Kernel->handle(Object(Illuminate\\Http\\Request))
#15 {main}
"} 
